2023.03.26 22:40:43 INFO  Started: Metals version 0.11.11 in workspace 'C:\University\OS2\ufcdash' for client Visual Studio Code 1.76.2.
SLF4J: No SLF4J providers were found.
SLF4J: Defaulting to no-operation (NOP) logger implementation
SLF4J: See https://www.slf4j.org/codes.html#noProviders for further details.
SLF4J: Class path contains SLF4J bindings targeting slf4j-api versions 1.7.x or earlier.
SLF4J: Ignoring binding found at [jar:file:/C:/Users/dex/AppData/Local/Coursier/cache/v1/https/repo1.maven.org/maven2/com/outr/scribe-slf4j_2.13/3.11.0/scribe-slf4j_2.13-3.11.0.jar!/org/slf4j/impl/StaticLoggerBinder.class]
SLF4J: See https://www.slf4j.org/codes.html#ignoredBindings for an explanation.
2023.03.26 22:40:43 INFO  time: initialize in 0.59s
2023.03.26 22:40:45 WARN  Build server is not auto-connectable.
2023.03.26 22:40:45 WARN  no build target for: C:\University\OS2\ufcdash\build.sbt
2023.03.26 22:40:50 INFO  no build target found for C:\University\OS2\ufcdash\build.sbt. Using presentation compiler with project's scala-library version: 3.2.2
2023.03.26 22:40:52 INFO  time: code lens generation in 6.52s
2023.03.26 22:40:57 WARN  no build target for: C:\University\OS2\ufcdash\src\main\scala\FighterData.scala
2023.03.26 22:40:57 WARN  no build target for: C:\University\OS2\ufcdash\src\main\scala\DataParser.scala
2023.03.26 22:40:58 WARN  no build target for: C:\University\OS2\ufcdash\src\main\scala\FighterData.scala
2023.03.26 22:40:59 WARN  no build target for: C:\University\OS2\ufcdash\src\main\scala\FileHandler.scala
2023.03.26 22:41:00 WARN  no build target for: C:\University\OS2\ufcdash\src\main\scala\DataParser.scala
2023.03.26 22:41:01 WARN  no build target for: C:\University\OS2\ufcdash\src\main\scala\FighterData.scala
2023.03.26 22:41:03 WARN  no build target for: C:\University\OS2\ufcdash\src\main\scala\FileHandler.scala
2023.03.26 22:41:09 INFO  Shutting down server
2023.03.26 22:41:09 INFO  shutting down Metals
2023.03.26 22:41:09 INFO  Exiting server
